#
# There is insufficient memory for the Java Runtime Environment to continue.
# Native memory allocation (mmap) failed to map 266338304 bytes for Failed to commit area from 0x0000000702800000 to 0x0000000712600000 of length 266338304.
# Possible reasons:
#   The system is out of physical RAM or swap space
#   The process is running with CompressedOops enabled, and the Java Heap may be blocking the growth of the native heap
# Possible solutions:
#   Reduce memory load on the system
#   Increase physical memory or swap space
#   Check if swap backing store is full
#   Decrease Java heap size (-Xmx/-Xms)
#   Decrease number of Java threads
#   Decrease Java thread stack sizes (-Xss)
#   Set larger code cache with -XX:ReservedCodeCacheSize=
# This output file may be truncated or incomplete.
#
#  Out of Memory Error (./src/hotspot/os/windows/os_windows.cpp:3619), pid=23136, tid=21784
#
# JRE version:  (11.0.13) (build )
# Java VM: OpenJDK 64-Bit Server VM (11.0.13+0-b1751.21-8125866, mixed mode, sharing, tiered, compressed oops, g1 gc, windows-amd64)
# No core dump will be written. Minidumps are not enabled by default on client versions of Windows
#

---------------  S U M M A R Y ------------

Command Line: 

Host: Intel(R) Core(TM) i5-10400 CPU @ 2.90GHz, 12 cores, 15G,  Windows 11 , 64 bit Build 22621 (10.0.22621.1485)
Time: Thu May 25 18:39:02 2023 India Standard Time elapsed time: 0.019062 seconds (0d 0h 0m 0s)

---------------  T H R E A D  ---------------

Current thread (0x0000014d25f28800):  JavaThread "Unknown thread" [_thread_in_vm, id=21784, stack(0x00000025ca000000,0x00000025ca100000)]

Stack: [0x00000025ca000000,0x00000025ca100000]
Native frames: (J=compiled Java code, j=interpreted, Vv=VM code, C=native code)
V  [jvm.dll+0x6100fa]
V  [jvm.dll+0x747090]
V  [jvm.dll+0x7486ad]
V  [jvm.dll+0x748d83]
V  [jvm.dll+0x24ab48]
V  [jvm.dll+0x60d164]
V  [jvm.dll+0x601e75]
V  [jvm.dll+0x308bdb]
V  [jvm.dll+0x308b4a]
V  [jvm.dll+0x308a22]
V  [jvm.dll+0x30d986]
V  [jvm.dll+0x357093]
V  [jvm.dll+0x357796]
V  [jvm.dll+0x357193]
V  [jvm.dll+0x2e3448]
V  [jvm.dll+0x2e45f7]
V  [jvm.dll+0x7242e7]
V  [jvm.dll+0x725adc]
V  [jvm.dll+0x364629]
V  [jvm.dll+0x707cee]
V  [jvm.dll+0x3d2633]
V  [jvm.dll+0x3d4a21]
C  [jli.dll+0x536b]
C  [ucrtbase.dll+0x29363]
C  [KERNEL32.DLL+0x1269d]
C  [ntdll.dll+0x5a9f8]


---------------  P R O C E S S  ---------------

Threads class SMR info:
_java_thread_list=0x0000014d25c638d0, length=0, elements={
}

Java Threads: ( => current thread )

Other Threads:
  0x0000014d25f40800 GCTaskThread "GC Thread#0" [stack: 0x00000025ca100000,0x00000025ca200000] [id=10496]
  0x0000014d25f9e000 ConcurrentGCThread "G1 Main Marker" [stack: 0x00000025ca200000,0x00000025ca300000] [id=14048]
  0x0000014d25f9f000 ConcurrentGCThread "G1 Conc#0" [stack: 0x00000025ca300000,0x00000025ca400000] [id=18328]

[error occurred during error reporting (printing all threads), id 0xc0000005, EXCEPTION_ACCESS_VIOLATION (0xc0000005) at pc=0x00007ffd11b63dd7]

VM state:not at safepoint (not fully initialized)

VM Mutex/Monitor currently owned by a thread:  ([mutex/lock_event])
[0x0000014d25c73520] Heap_lock - owner thread: 0x0000014d25f28800

Heap address: 0x0000000702800000, size: 4056 MB, Compressed Oops mode: Non-zero based: 0x0000000702800000
Narrow klass base: 0x0000000000000000, Narrow klass shift: 0

GC Heap History (0 events):
No events

Deoptimization events (0 events):
No events

Classes redefined (0 events):
No events

Internal exceptions (0 events):
No events

Events (1 events):
Event: 0.014 Loaded shared library C:\Program Files\Android\Android Studio\jre\bin\zip.dll


Dynamic libraries:
0x00007ff6781b0000 - 0x00007ff6781ba000 	C:\Program Files\Android\Android Studio\jre\bin\java.EXE
0x00007ffd4f2b0000 - 0x00007ffd4f4c4000 	C:\WINDOWS\SYSTEM32\ntdll.dll
0x00007ffd4dc80000 - 0x00007ffd4dd42000 	C:\WINDOWS\System32\KERNEL32.DLL
0x00007ffd4cae0000 - 0x00007ffd4ce7c000 	C:\WINDOWS\System32\KERNELBASE.dll
0x00007ffd4c9c0000 - 0x00007ffd4cad1000 	C:\WINDOWS\System32\ucrtbase.dll
0x00007ffd13520000 - 0x00007ffd13537000 	C:\Program Files\Android\Android Studio\jre\bin\VCRUNTIME140.dll
0x00007ffd39000000 - 0x00007ffd39019000 	C:\Program Files\Android\Android Studio\jre\bin\jli.dll
0x00007ffd4dad0000 - 0x00007ffd4dc7b000 	C:\WINDOWS\System32\USER32.dll
0x00007ffd25790000 - 0x00007ffd25a1e000 	C:\WINDOWS\WinSxS\amd64_microsoft.windows.common-controls_6595b64144ccf1df_6.0.22621.608_none_a9444ca7c10bb01d\COMCTL32.dll
0x00007ffd4ce80000 - 0x00007ffd4cea6000 	C:\WINDOWS\System32\win32u.dll
0x00007ffd4d210000 - 0x00007ffd4d239000 	C:\WINDOWS\System32\GDI32.dll
0x00007ffd4ee00000 - 0x00007ffd4eea7000 	C:\WINDOWS\System32\msvcrt.dll
0x00007ffd4c8a0000 - 0x00007ffd4c9b3000 	C:\WINDOWS\System32\gdi32full.dll
0x00007ffd4d020000 - 0x00007ffd4d0ba000 	C:\WINDOWS\System32\msvcp_win.dll
0x00007ffd4ea30000 - 0x00007ffd4ea61000 	C:\WINDOWS\System32\IMM32.DLL
0x00007ffd11520000 - 0x00007ffd115bd000 	C:\Program Files\Android\Android Studio\jre\bin\msvcp140.dll
0x00007ffd11870000 - 0x00007ffd12372000 	C:\Program Files\Android\Android Studio\jre\bin\server\jvm.dll
0x00007ffd4e060000 - 0x00007ffd4e10e000 	C:\WINDOWS\System32\ADVAPI32.dll
0x00007ffd4df50000 - 0x00007ffd4dff4000 	C:\WINDOWS\System32\sechost.dll
0x00007ffd4d0c0000 - 0x00007ffd4d1d7000 	C:\WINDOWS\System32\RPCRT4.dll
0x00007ffd4d1e0000 - 0x00007ffd4d1e8000 	C:\WINDOWS\System32\PSAPI.DLL
0x00007ffd46ff0000 - 0x00007ffd46ffa000 	C:\WINDOWS\SYSTEM32\VERSION.dll
0x00007ffd27dc0000 - 0x00007ffd27df4000 	C:\WINDOWS\SYSTEM32\WINMM.dll
0x00007ffd361a0000 - 0x00007ffd361a9000 	C:\WINDOWS\SYSTEM32\WSOCK32.dll
0x00007ffd4eeb0000 - 0x00007ffd4ef21000 	C:\WINDOWS\System32\WS2_32.dll
0x00007ffd4b700000 - 0x00007ffd4b718000 	C:\WINDOWS\SYSTEM32\kernel.appcore.dll
0x00007ffd13500000 - 0x00007ffd13511000 	C:\Program Files\Android\Android Studio\jre\bin\verify.dll
0x00007ffd409a0000 - 0x00007ffd40bce000 	C:\WINDOWS\SYSTEM32\DBGHELP.DLL
0x00007ffd4ea70000 - 0x00007ffd4edf9000 	C:\WINDOWS\System32\combase.dll
0x00007ffd4e6b0000 - 0x00007ffd4e787000 	C:\WINDOWS\System32\OLEAUT32.dll
0x00007ffd40960000 - 0x00007ffd40992000 	C:\WINDOWS\SYSTEM32\dbgcore.DLL
0x00007ffd4c7b0000 - 0x00007ffd4c82b000 	C:\WINDOWS\System32\bcryptPrimitives.dll
0x00007ffd11840000 - 0x00007ffd11869000 	C:\Program Files\Android\Android Studio\jre\bin\java.dll
0x00007ffd35570000 - 0x00007ffd3557b000 	C:\Program Files\Android\Android Studio\jre\bin\jimage.dll
0x00007ffd134e0000 - 0x00007ffd134f8000 	C:\Program Files\Android\Android Studio\jre\bin\zip.dll

dbghelp: loaded successfully - version: 4.0.5 - missing functions: none
symbol engine: initialized successfully - sym options: 0x614 - pdb path: .;C:\Program Files\Android\Android Studio\jre\bin;C:\WINDOWS\SYSTEM32;C:\WINDOWS\WinSxS\amd64_microsoft.windows.common-controls_6595b64144ccf1df_6.0.22621.608_none_a9444ca7c10bb01d;C:\Program Files\Android\Android Studio\jre\bin\server

VM Arguments:
java_command: <unknown>
java_class_path (initial): <not set>
Launcher Type: SUN_STANDARD

[Global flags]
     intx CICompilerCount                          = 4                                         {product} {ergonomic}
     uint ConcGCThreads                            = 3                                         {product} {ergonomic}
     uint G1ConcRefinementThreads                  = 10                                        {product} {ergonomic}
   size_t G1HeapRegionSize                         = 1048576                                   {product} {ergonomic}
    uintx GCDrainStackTargetSize                   = 64                                        {product} {ergonomic}
   size_t InitialHeapSize                          = 266338304                                 {product} {ergonomic}
   size_t MarkStackSize                            = 4194304                                   {product} {ergonomic}
   size_t MaxHeapSize                              = 4253024256                                {product} {ergonomic}
   size_t MinHeapDeltaBytes                        = 1048576                                   {product} {ergonomic}
    uintx NonNMethodCodeHeapSize                   = 5836300                                {pd product} {ergonomic}
    uintx NonProfiledCodeHeapSize                  = 122910970                              {pd product} {ergonomic}
    uintx ProfiledCodeHeapSize                     = 122910970                              {pd product} {ergonomic}
    uintx ReservedCodeCacheSize                    = 251658240                              {pd product} {ergonomic}
     bool SegmentedCodeCache                       = true                                      {product} {ergonomic}
     bool UseCompressedClassPointers               = true                                 {lp64_product} {ergonomic}
     bool UseCompressedOops                        = true                                 {lp64_product} {ergonomic}
     bool UseG1GC                                  = true                                      {product} {ergonomic}
     bool UseLargePagesIndividualAllocation        = false                                  {pd product} {ergonomic}

Logging:
Log output configuration:
 #0: stdout all=warning uptime,level,tags
 #1: stderr all=off uptime,level,tags

Environment Variables:
JAVA_HOME=C:\Program Files\Java\jdk-19
PATH=C:\Program Files\Common Files\Oracle\Java\javapath;C:\WINDOWS\system32;C:\WINDOWS;C:\WINDOWS\System32\Wbem;C:\WINDOWS\System32\WindowsPowerShell\v1.0\;C:\WINDOWS\System32\OpenSSH\;C:\Program Files\Java\jdk-19\bin;C:\Program Files\Git\cmd;C:\Users\indian 5\AppData\Local\Microsoft\WindowsApps;C:\Users\indian 5\Downloads\flutter_windows_3.0.5-stable\flutter\bin;C:\Users\indian 5\Downloads\flutter_windows_3.3.6-stable\flutter\bin;;C:\Users\indian 5\AppData\Local\Programs\Microsoft VS Code\bin;C:\Users\indian 5\Downloads\flutter_windows_3.0.5-stable\flutter\bin\mingit\cmd
USERNAME=indian 5
OS=Windows_NT
PROCESSOR_IDENTIFIER=Intel64 Family 6 Model 165 Stepping 3, GenuineIntel



---------------  S Y S T E M  ---------------

OS: Windows 11 , 64 bit Build 22621 (10.0.22621.1485)
OS uptime: 1 days 23:24 hours
Hyper-V role detected

CPU:total 12 (initial active 12) (6 cores per cpu, 2 threads per core) family 6 model 165 stepping 3 microcode 0xf0, cmov, cx8, fxsr, mmx, sse, sse2, sse3, ssse3, sse4.1, sse4.2, popcnt, avx, avx2, aes, clmul, erms, 3dnowpref, lzcnt, ht, tsc, tscinvbit, bmi1, bmi2, adx, fma

Memory: 4k page, system-wide physical 16222M (641M free)
TotalPageFile size 34277M (AvailPageFile size 229M)
current process WorkingSet (physical memory assigned to process): 10M, peak: 10M
current process commit charge ("private bytes"): 64M, peak: 318M

vm_info: OpenJDK 64-Bit Server VM (11.0.13+0-b1751.21-8125866) for windows-amd64 JRE (11.0.13+0-b1751.21-8125866), built on Feb  2 2022 03:00:22 by "builder" with MS VC++ 14.0 (VS2015)

END.
