#
# There is insufficient memory for the Java Runtime Environment to continue.
# Native memory allocation (mmap) failed to map 266338304 bytes for G1 virtual space
# Possible reasons:
#   The system is out of physical RAM or swap space
#   The process is running with CompressedOops enabled, and the Java Heap may be blocking the growth of the native heap
# Possible solutions:
#   Reduce memory load on the system
#   Increase physical memory or swap space
#   Check if swap backing store is full
#   Decrease Java heap size (-Xmx/-Xms)
#   Decrease number of Java threads
#   Decrease Java thread stack sizes (-Xss)
#   Set larger code cache with -XX:ReservedCodeCacheSize=
#   JVM is running with Zero Based Compressed Oops mode in which the Java heap is
#     placed in the first 32GB address space. The Java Heap base address is the
#     maximum limit for the native heap growth. Please use -XX:HeapBaseMinAddress
#     to set the Java Heap base and to place the Java Heap above 32GB virtual address.
# This output file may be truncated or incomplete.
#
#  Out of Memory Error (os_windows.cpp:3527), pid=23364, tid=21732
#
# JRE version:  (19.0.1+10) (build )
# Java VM: Java HotSpot(TM) 64-Bit Server VM (19.0.1+10-21, mixed mode, sharing, tiered, compressed oops, compressed class ptrs, g1 gc, windows-amd64)
# No core dump will be written. Minidumps are not enabled by default on client versions of Windows
#

---------------  S U M M A R Y ------------

Command Line: -Dorg.gradle.appname=gradlew org.gradle.wrapper.GradleWrapperMain -q -Ptarget-platform=android-arm,android-arm64,android-x64 -Ptarget=lib\main.dart -Pbase-application-name=android.app.Application -Pdart-obfuscation=false -Pextra-front-end-options=--no-sound-null-safety -Ptrack-widget-creation=true -Ptree-shake-icons=true assembleRelease

Host: Intel(R) Core(TM) i5-10400 CPU @ 2.90GHz, 12 cores, 15G,  Windows 11 , 64 bit Build 22621 (10.0.22621.1485)
Time: Thu May 25 18:39:07 2023 India Standard Time elapsed time: 0.020531 seconds (0d 0h 0m 0s)

---------------  T H R E A D  ---------------

Current thread (0x000001e2bdaab150):  JavaThread "Unknown thread" [_thread_in_vm, id=21732, stack(0x000000c071200000,0x000000c071300000)]

Stack: [0x000000c071200000,0x000000c071300000]
Native frames: (J=compiled Java code, j=interpreted, Vv=VM code, C=native code)
V  [jvm.dll+0x6ee8fa]
V  [jvm.dll+0x857a1e]
V  [jvm.dll+0x85940e]
V  [jvm.dll+0x859ac3]
V  [jvm.dll+0x28291f]
V  [jvm.dll+0x6eb6e9]
V  [jvm.dll+0x6e028a]
V  [jvm.dll+0x357136]
V  [jvm.dll+0x35eb96]
V  [jvm.dll+0x3b555e]
V  [jvm.dll+0x3b578f]
V  [jvm.dll+0x32c6ea]
V  [jvm.dll+0x32d59e]
V  [jvm.dll+0x821b20]
V  [jvm.dll+0x3c27c1]
V  [jvm.dll+0x8022f1]
V  [jvm.dll+0x44b30f]
V  [jvm.dll+0x44cc91]
C  [jli.dll+0x5287]
C  [ucrtbase.dll+0x29363]
C  [KERNEL32.DLL+0x1269d]
C  [ntdll.dll+0x5a9f8]


---------------  P R O C E S S  ---------------

Threads class SMR info:
_java_thread_list=0x00007ffcecc6d048, length=0, elements={
}

Java Threads: ( => current thread )

Other Threads:
  0x000001e2bdb1b3f0 WorkerThread "GC Thread#0" [stack: 0x000000c071300000,0x000000c071400000] [id=15508]
  0x000001e2bdb2c230 ConcurrentGCThread "G1 Main Marker" [stack: 0x000000c071400000,0x000000c071500000] [id=11928]
  0x000001e2bdb2dc70 WorkerThread "G1 Conc#0" [stack: 0x000000c071500000,0x000000c071600000] [id=10588]

[error occurred during error reporting (printing all threads), id 0xc0000005, EXCEPTION_ACCESS_VIOLATION (0xc0000005) at pc=0x00007ffcec42d127]

VM state: not at safepoint (not fully initialized)

VM Mutex/Monitor currently owned by a thread:  ([mutex/lock_event])
[0x000001e2bdaa5960] Heap_lock - owner thread: 0x000001e2bdaab150

Heap address: 0x0000000702800000, size: 4056 MB, Compressed Oops mode: Zero based, Oop shift amount: 3

CDS archive(s) mapped at: [0x0000000000000000-0x0000000000000000-0x0000000000000000), size 0, SharedBaseAddress: 0x0000000800000000, ArchiveRelocationMode: 0.
Narrow klass base: 0x0000000000000000, Narrow klass shift: 0, Narrow klass range: 0x0

GC Precious Log:
 CardTable entry size: 512
 Card Set container configuration: InlinePtr #cards 4 size 8 Array Of Cards #cards 16 size 48 Howl #buckets 8 coarsen threshold 3686 Howl Bitmap #cards 512 size 80 coarsen threshold 460 Card regions per heap region 1 cards per card region 4096

Heap:
 garbage-first heap   total 0K, used 0K [0x0000000702800000, 0x0000000800000000)
  region size 2048K, 0 young (0K), 0 survivors (0K)

[error occurred during error reporting (printing heap information), id 0xc0000005, EXCEPTION_ACCESS_VIOLATION (0xc0000005) at pc=0x00007ffcec836959]

GC Heap History (0 events):
No events

Dll operation events (1 events):
Event: 0.011 Loaded shared library C:\Program Files\Java\jdk-19\bin\java.dll

Deoptimization events (0 events):
No events

Classes loaded (0 events):
No events

Classes unloaded (0 events):
No events

Classes redefined (0 events):
No events

Internal exceptions (0 events):
No events

VM Operations (0 events):
No events

Events (0 events):
No events


Dynamic libraries:
0x00007ff7e7970000 - 0x00007ff7e7980000 	C:\Program Files\Java\jdk-19\bin\java.exe
0x00007ffd4f2b0000 - 0x00007ffd4f4c4000 	C:\WINDOWS\SYSTEM32\ntdll.dll
0x00007ffd4dc80000 - 0x00007ffd4dd42000 	C:\WINDOWS\System32\KERNEL32.DLL
0x00007ffd4cae0000 - 0x00007ffd4ce7c000 	C:\WINDOWS\System32\KERNELBASE.dll
0x00007ffd4c9c0000 - 0x00007ffd4cad1000 	C:\WINDOWS\System32\ucrtbase.dll
0x00007ffd37440000 - 0x00007ffd37458000 	C:\Program Files\Java\jdk-19\bin\jli.dll
0x00007ffd36450000 - 0x00007ffd3646b000 	C:\Program Files\Java\jdk-19\bin\VCRUNTIME140.dll
0x00007ffd4e060000 - 0x00007ffd4e10e000 	C:\WINDOWS\System32\ADVAPI32.dll
0x00007ffd4ee00000 - 0x00007ffd4eea7000 	C:\WINDOWS\System32\msvcrt.dll
0x00007ffd4df50000 - 0x00007ffd4dff4000 	C:\WINDOWS\System32\sechost.dll
0x00007ffd4d0c0000 - 0x00007ffd4d1d7000 	C:\WINDOWS\System32\RPCRT4.dll
0x00007ffd4dad0000 - 0x00007ffd4dc7b000 	C:\WINDOWS\System32\USER32.dll
0x00007ffd25790000 - 0x00007ffd25a1e000 	C:\WINDOWS\WinSxS\amd64_microsoft.windows.common-controls_6595b64144ccf1df_6.0.22621.608_none_a9444ca7c10bb01d\COMCTL32.dll
0x00007ffd4ce80000 - 0x00007ffd4cea6000 	C:\WINDOWS\System32\win32u.dll
0x00007ffd4d210000 - 0x00007ffd4d239000 	C:\WINDOWS\System32\GDI32.dll
0x00007ffd4c8a0000 - 0x00007ffd4c9b3000 	C:\WINDOWS\System32\gdi32full.dll
0x00007ffd4d020000 - 0x00007ffd4d0ba000 	C:\WINDOWS\System32\msvcp_win.dll
0x00007ffd46ff0000 - 0x00007ffd46ffa000 	C:\WINDOWS\SYSTEM32\VERSION.dll
0x00007ffd4ea30000 - 0x00007ffd4ea61000 	C:\WINDOWS\System32\IMM32.DLL
0x00007ffd40620000 - 0x00007ffd4062c000 	C:\Program Files\Java\jdk-19\bin\vcruntime140_1.dll
0x00007ffd1f1d0000 - 0x00007ffd1f25e000 	C:\Program Files\Java\jdk-19\bin\msvcp140.dll
0x00007ffcec0f0000 - 0x00007ffcecdb0000 	C:\Program Files\Java\jdk-19\bin\server\jvm.dll
0x00007ffd361a0000 - 0x00007ffd361a9000 	C:\WINDOWS\SYSTEM32\WSOCK32.dll
0x00007ffd27dc0000 - 0x00007ffd27df4000 	C:\WINDOWS\SYSTEM32\WINMM.dll
0x00007ffd4eeb0000 - 0x00007ffd4ef21000 	C:\WINDOWS\System32\WS2_32.dll
0x00007ffd4b700000 - 0x00007ffd4b718000 	C:\WINDOWS\SYSTEM32\kernel.appcore.dll
0x00007ffd401b0000 - 0x00007ffd401ba000 	C:\Program Files\Java\jdk-19\bin\jimage.dll
0x00007ffd409a0000 - 0x00007ffd40bce000 	C:\WINDOWS\SYSTEM32\DBGHELP.DLL
0x00007ffd4ea70000 - 0x00007ffd4edf9000 	C:\WINDOWS\System32\combase.dll
0x00007ffd4e6b0000 - 0x00007ffd4e787000 	C:\WINDOWS\System32\OLEAUT32.dll
0x00007ffd40960000 - 0x00007ffd40992000 	C:\WINDOWS\SYSTEM32\dbgcore.DLL
0x00007ffd4c7b0000 - 0x00007ffd4c82b000 	C:\WINDOWS\System32\bcryptPrimitives.dll
0x00007ffd2c2e0000 - 0x00007ffd2c306000 	C:\Program Files\Java\jdk-19\bin\java.dll

dbghelp: loaded successfully - version: 4.0.5 - missing functions: none
symbol engine: initialized successfully - sym options: 0x614 - pdb path: .;C:\Program Files\Java\jdk-19\bin;C:\WINDOWS\SYSTEM32;C:\WINDOWS\WinSxS\amd64_microsoft.windows.common-controls_6595b64144ccf1df_6.0.22621.608_none_a9444ca7c10bb01d;C:\Program Files\Java\jdk-19\bin\server

VM Arguments:
jvm_args: -Dorg.gradle.appname=gradlew 
java_command: org.gradle.wrapper.GradleWrapperMain -q -Ptarget-platform=android-arm,android-arm64,android-x64 -Ptarget=lib\main.dart -Pbase-application-name=android.app.Application -Pdart-obfuscation=false -Pextra-front-end-options=--no-sound-null-safety -Ptrack-widget-creation=true -Ptree-shake-icons=true assembleRelease
java_class_path (initial): D:\SurendraCollection\EveryDay\Everyday Online Driver_17may\Everyday Online Driver\android\\gradle\wrapper\gradle-wrapper.jar
Launcher Type: SUN_STANDARD

[Global flags]
     intx CICompilerCount                          = 4                                         {product} {ergonomic}
     uint ConcGCThreads                            = 3                                         {product} {ergonomic}
     uint G1ConcRefinementThreads                  = 10                                        {product} {ergonomic}
   size_t G1HeapRegionSize                         = 2097152                                   {product} {ergonomic}
    uintx GCDrainStackTargetSize                   = 64                                        {product} {ergonomic}
   size_t InitialHeapSize                          = 266338304                                 {product} {ergonomic}
   size_t MarkStackSize                            = 4194304                                   {product} {ergonomic}
   size_t MaxHeapSize                              = 4253024256                                {product} {ergonomic}
   size_t MinHeapDeltaBytes                        = 2097152                                   {product} {ergonomic}
   size_t MinHeapSize                              = 8388608                                   {product} {ergonomic}
    uintx NonNMethodCodeHeapSize                   = 5839372                                {pd product} {ergonomic}
    uintx NonProfiledCodeHeapSize                  = 122909434                              {pd product} {ergonomic}
    uintx ProfiledCodeHeapSize                     = 122909434                              {pd product} {ergonomic}
    uintx ReservedCodeCacheSize                    = 251658240                              {pd product} {ergonomic}
     bool SegmentedCodeCache                       = true                                      {product} {ergonomic}
   size_t SoftMaxHeapSize                          = 4253024256                             {manageable} {ergonomic}
     bool UseCompressedClassPointers               = true                           {product lp64_product} {ergonomic}
     bool UseCompressedOops                        = true                           {product lp64_product} {ergonomic}
     bool UseG1GC                                  = true                                      {product} {ergonomic}
     bool UseLargePagesIndividualAllocation        = false                                  {pd product} {ergonomic}

Logging:
Log output configuration:
 #0: stdout all=warning uptime,level,tags foldmultilines=false
 #1: stderr all=off uptime,level,tags foldmultilines=false

Environment Variables:
JAVA_HOME=C:\Program Files\Java\jdk-19
CLASSPATH=D:\SurendraCollection\EveryDay\Everyday Online Driver_17may\Everyday Online Driver\android\\gradle\wrapper\gradle-wrapper.jar
PATH=C:\Program Files\Common Files\Oracle\Java\javapath;C:\WINDOWS\system32;C:\WINDOWS;C:\WINDOWS\System32\Wbem;C:\WINDOWS\System32\WindowsPowerShell\v1.0\;C:\WINDOWS\System32\OpenSSH\;C:\Program Files\Java\jdk-19\bin;C:\Program Files\Git\cmd;C:\Users\indian 5\AppData\Local\Microsoft\WindowsApps;C:\Users\indian 5\Downloads\flutter_windows_3.0.5-stable\flutter\bin;C:\Users\indian 5\Downloads\flutter_windows_3.3.6-stable\flutter\bin;;C:\Users\indian 5\AppData\Local\Programs\Microsoft VS Code\bin;C:\Users\indian 5\Downloads\flutter_windows_3.0.5-stable\flutter\bin\mingit\cmd
USERNAME=indian 5
OS=Windows_NT
PROCESSOR_IDENTIFIER=Intel64 Family 6 Model 165 Stepping 3, GenuineIntel
TMP=C:\Users\INDIAN~1\AppData\Local\Temp
TEMP=C:\Users\INDIAN~1\AppData\Local\Temp



---------------  S Y S T E M  ---------------

OS:
 Windows 11 , 64 bit Build 22621 (10.0.22621.1485)
OS uptime: 1 days 23:25 hours
Hyper-V role detected

CPU: total 12 (initial active 12) (6 cores per cpu, 2 threads per core) family 6 model 165 stepping 3 microcode 0xf0, cx8, cmov, fxsr, ht, mmx, 3dnowpref, sse, sse2, sse3, ssse3, sse4.1, sse4.2, popcnt, lzcnt, tsc, tscinvbit, avx, avx2, aes, erms, clmul, bmi1, bmi2, adx, fma, vzeroupper, clflush, clflushopt, hv, rdtscp

Memory: 4k page, system-wide physical 16222M (622M free)
TotalPageFile size 34277M (AvailPageFile size 86M)
current process WorkingSet (physical memory assigned to process): 11M, peak: 11M
current process commit charge ("private bytes"): 64M, peak: 318M

vm_info: Java HotSpot(TM) 64-Bit Server VM (19.0.1+10-21) for windows-amd64 JRE (19.0.1+10-21), built on 2022-09-14T12:45:06Z by "mach5one" with MS VC++ 17.1 (VS2022)

END.
